0 info it worked if it ends with ok
1 verbose cli [ 'node', '/usr/local/bin/npm', 'install', '-g', 'node-inspector' ]
2 info using npm@1.1.59
3 info using node@v0.8.8
4 verbose read json /usr/local/lib/package.json
5 verbose read json /usr/local/lib/package.json
6 verbose cache add [ 'node-inspector', null ]
7 silly cache add name=undefined spec="node-inspector" args=["node-inspector",null]
8 verbose parsed url { pathname: 'node-inspector',
8 verbose parsed url   path: 'node-inspector',
8 verbose parsed url   href: 'node-inspector' }
9 silly lockFile 4198ef9e-node-inspector node-inspector
10 verbose lock node-inspector /Users/trav/.npm/4198ef9e-node-inspector.lock
11 silly lockFile 4198ef9e-node-inspector node-inspector
12 verbose addNamed [ 'node-inspector', '' ]
13 verbose addNamed [ null, '' ]
14 silly lockFile e68b88da-node-inspector node-inspector@
15 verbose lock node-inspector@ /Users/trav/.npm/e68b88da-node-inspector.lock
16 silly addNameRange { name: 'node-inspector', range: '', hasData: false }
17 verbose url raw node-inspector
18 verbose url resolving [ 'https://registry.npmjs.org/', './node-inspector' ]
19 verbose url resolved https://registry.npmjs.org/node-inspector
20 info retry registry request attempt 1 at 15:45:56
21 http GET https://registry.npmjs.org/node-inspector
22 http 200 https://registry.npmjs.org/node-inspector
23 silly registry.get cb [ 200,
23 silly registry.get   { vary: 'Accept',
23 silly registry.get     server: 'CouchDB/1.2.0 (Erlang OTP/R15B)',
23 silly registry.get     etag: '"9VNST9Y8N8A2HZTV2PXJXB9NW"',
23 silly registry.get     date: 'Mon, 03 Sep 2012 21:45:57 GMT',
23 silly registry.get     'content-type': 'application/json',
23 silly registry.get     'content-length': '26564' } ]
24 silly addNameRange number 2 { name: 'node-inspector', range: '', hasData: true }
25 silly addNameRange versions [ 'node-inspector',
25 silly addNameRange   [ '0.0.1',
25 silly addNameRange     '0.0.2',
25 silly addNameRange     '0.0.3',
25 silly addNameRange     '0.0.4',
25 silly addNameRange     '0.1.0',
25 silly addNameRange     '0.1.1',
25 silly addNameRange     '0.1.2',
25 silly addNameRange     '0.1.3',
25 silly addNameRange     '0.1.4',
25 silly addNameRange     '0.1.5',
25 silly addNameRange     '0.1.6',
25 silly addNameRange     '0.1.7',
25 silly addNameRange     '0.1.8',
25 silly addNameRange     '0.1.9',
25 silly addNameRange     '0.1.10',
25 silly addNameRange     '0.2.0beta1',
25 silly addNameRange     '0.2.0beta2',
25 silly addNameRange     '0.2.0beta3' ] ]
26 verbose addNamed [ 'node-inspector', '0.2.0beta3' ]
27 verbose addNamed [ '0.2.0beta3', '0.2.0beta3' ]
28 silly lockFile 4109c2e9-node-inspector-0-2-0beta3 node-inspector@0.2.0beta3
29 verbose lock node-inspector@0.2.0beta3 /Users/trav/.npm/4109c2e9-node-inspector-0-2-0beta3.lock
30 silly lockFile 7b628b3a-or-node-inspector-0-2-0beta3-tgz https://registry.npmjs.org/node-inspector/-/node-inspector-0.2.0beta3.tgz
31 verbose lock https://registry.npmjs.org/node-inspector/-/node-inspector-0.2.0beta3.tgz /Users/trav/.npm/7b628b3a-or-node-inspector-0-2-0beta3-tgz.lock
32 verbose addRemoteTarball [ 'https://registry.npmjs.org/node-inspector/-/node-inspector-0.2.0beta3.tgz',
32 verbose addRemoteTarball   '2adb552da7757ff3d4ec549f5570799355952d20' ]
33 info retry fetch attempt 1 at 15:45:57
34 verbose fetch to= /var/folders/vc/gwyzl37s31sf7xhdj_cqypd00000gn/T/npm-5114/1346708757577-0.07897716714069247/tmp.tgz
35 http GET https://registry.npmjs.org/node-inspector/-/node-inspector-0.2.0beta3.tgz
36 http 200 https://registry.npmjs.org/node-inspector/-/node-inspector-0.2.0beta3.tgz
37 silly shasum updated bytes 40960
38 silly shasum updated bytes 40960
39 silly shasum updated bytes 40960
40 silly shasum updated bytes 40960
41 silly shasum updated bytes 40960
42 silly shasum updated bytes 40960
43 silly shasum updated bytes 40960
44 silly shasum updated bytes 40960
45 silly shasum updated bytes 40960
46 silly shasum updated bytes 40960
47 silly shasum updated bytes 40960
48 silly shasum updated bytes 40960
49 silly shasum updated bytes 40960
50 silly shasum updated bytes 40960
51 silly shasum updated bytes 40960
52 silly shasum updated bytes 40960
53 silly shasum updated bytes 26715
54 info shasum 2adb552da7757ff3d4ec549f5570799355952d20
54 info shasum /var/folders/vc/gwyzl37s31sf7xhdj_cqypd00000gn/T/npm-5114/1346708757577-0.07897716714069247/tmp.tgz
55 verbose tar unpack /var/folders/vc/gwyzl37s31sf7xhdj_cqypd00000gn/T/npm-5114/1346708757577-0.07897716714069247/tmp.tgz
56 silly lockFile 84797dce-7577-0-07897716714069247-package /var/folders/vc/gwyzl37s31sf7xhdj_cqypd00000gn/T/npm-5114/1346708757577-0.07897716714069247/package
57 verbose lock /var/folders/vc/gwyzl37s31sf7xhdj_cqypd00000gn/T/npm-5114/1346708757577-0.07897716714069247/package /Users/trav/.npm/84797dce-7577-0-07897716714069247-package.lock
58 silly gunzTarPerm modes [ '777', '666' ]
59 silly gunzTarPerm extractEntry package.json
60 silly gunzTarPerm modified mode [ 'package.json', 420, 438 ]
61 silly gunzTarPerm extractEntry .npmignore
62 silly gunzTarPerm modified mode [ '.npmignore', 420, 438 ]
63 silly gunzTarPerm extractEntry LICENSE
64 silly gunzTarPerm modified mode [ 'LICENSE', 420, 438 ]
65 silly gunzTarPerm extractEntry bin/inspector.js
66 silly gunzTarPerm modified mode [ 'bin/inspector.js', 493, 511 ]
67 silly gunzTarPerm extractEntry ChangeLog
68 silly gunzTarPerm modified mode [ 'ChangeLog', 420, 438 ]
69 silly gunzTarPerm extractEntry config.json
70 silly gunzTarPerm modified mode [ 'config.json', 420, 438 ]
71 silly gunzTarPerm extractEntry front-end/devtools.js
72 silly gunzTarPerm modified mode [ 'front-end/devtools.js', 420, 438 ]
73 silly gunzTarPerm extractEntry front-end/node/InspectorBackendStub.js
74 silly gunzTarPerm modified mode [ 'front-end/node/InspectorBackendStub.js', 420, 438 ]
75 silly gunzTarPerm extractEntry front-end/node/InspectorFrontendHostStub.js
76 silly gunzTarPerm modified mode [ 'front-end/node/InspectorFrontendHostStub.js', 420, 438 ]
77 silly gunzTarPerm extractEntry front-end/node/Overrides.js
78 silly gunzTarPerm modified mode [ 'front-end/node/Overrides.js', 420, 438 ]
79 silly gunzTarPerm extractEntry front-end/helpScreen.css
80 silly gunzTarPerm modified mode [ 'front-end/helpScreen.css', 420, 438 ]
81 silly gunzTarPerm extractEntry front-end/Images/resourcesSizeGraphIcon.png
82 silly gunzTarPerm modified mode [ 'front-end/Images/resourcesSizeGraphIcon.png', 420, 438 ]
83 silly gunzTarPerm extractEntry front-end/Images/applicationCache.png
84 silly gunzTarPerm modified mode [ 'front-end/Images/applicationCache.png', 420, 438 ]
85 silly gunzTarPerm extractEntry front-end/Images/back.png
86 silly gunzTarPerm modified mode [ 'front-end/Images/back.png', 420, 438 ]
87 silly gunzTarPerm extractEntry front-end/Images/breakpointBorder.png
88 silly gunzTarPerm modified mode [ 'front-end/Images/breakpointBorder.png', 420, 438 ]
89 silly gunzTarPerm extractEntry front-end/Images/breakpointConditionalBorder.png
90 silly gunzTarPerm modified mode [ 'front-end/Images/breakpointConditionalBorder.png', 420, 438 ]
91 silly gunzTarPerm extractEntry front-end/Images/breakpointConditionalCounterBorder.png
92 silly gunzTarPerm modified mode [ 'front-end/Images/breakpointConditionalCounterBorder.png',
92 silly gunzTarPerm   420,
92 silly gunzTarPerm   438 ]
93 silly gunzTarPerm extractEntry front-end/Images/breakpointCounterBorder.png
94 silly gunzTarPerm modified mode [ 'front-end/Images/breakpointCounterBorder.png', 420, 438 ]
95 silly gunzTarPerm extractEntry front-end/Images/breakpointsActivateButtonGlyph.png
96 silly gunzTarPerm modified mode [ 'front-end/Images/breakpointsActivateButtonGlyph.png',
96 silly gunzTarPerm   420,
96 silly gunzTarPerm   438 ]
97 silly gunzTarPerm extractEntry front-end/Images/breakpointsDeactivateButtonGlyph.png
98 silly gunzTarPerm modified mode [ 'front-end/Images/breakpointsDeactivateButtonGlyph.png',
98 silly gunzTarPerm   420,
98 silly gunzTarPerm   438 ]
99 silly gunzTarPerm extractEntry front-end/Images/checker.png
100 silly gunzTarPerm modified mode [ 'front-end/Images/checker.png', 420, 438 ]
101 silly gunzTarPerm extractEntry front-end/Images/clearConsoleButtonGlyph.png
102 silly gunzTarPerm modified mode [ 'front-end/Images/clearConsoleButtonGlyph.png', 420, 438 ]
103 silly gunzTarPerm extractEntry front-end/Images/closeButtons.png
104 silly gunzTarPerm modified mode [ 'front-end/Images/closeButtons.png', 420, 438 ]
105 silly gunzTarPerm extractEntry front-end/Images/consoleButtonGlyph.png
106 silly gunzTarPerm modified mode [ 'front-end/Images/consoleButtonGlyph.png', 420, 438 ]
107 silly gunzTarPerm extractEntry front-end/Images/consoleIcon.png
108 silly gunzTarPerm modified mode [ 'front-end/Images/consoleIcon.png', 420, 438 ]
109 silly gunzTarPerm extractEntry front-end/Images/cookie.png
110 silly gunzTarPerm modified mode [ 'front-end/Images/cookie.png', 420, 438 ]
111 silly gunzTarPerm extractEntry front-end/Images/database.png
112 silly gunzTarPerm modified mode [ 'front-end/Images/database.png', 420, 438 ]
113 silly gunzTarPerm extractEntry front-end/Images/databaseTable.png
114 silly gunzTarPerm modified mode [ 'front-end/Images/databaseTable.png', 420, 438 ]
115 silly gunzTarPerm extractEntry front-end/Images/debuggerContinue.png
116 silly gunzTarPerm modified mode [ 'front-end/Images/debuggerContinue.png', 420, 438 ]
117 silly gunzTarPerm extractEntry front-end/Images/debuggerPause.png
118 silly gunzTarPerm modified mode [ 'front-end/Images/debuggerPause.png', 420, 438 ]
119 silly gunzTarPerm extractEntry front-end/Images/debuggerStepInto.png
120 silly gunzTarPerm modified mode [ 'front-end/Images/debuggerStepInto.png', 420, 438 ]
121 silly gunzTarPerm extractEntry front-end/Images/debuggerStepOut.png
122 silly gunzTarPerm modified mode [ 'front-end/Images/debuggerStepOut.png', 420, 438 ]
123 silly gunzTarPerm extractEntry front-end/Images/debuggerStepOver.png
124 silly gunzTarPerm modified mode [ 'front-end/Images/debuggerStepOver.png', 420, 438 ]
125 silly gunzTarPerm extractEntry front-end/Images/deleteIcon.png
126 silly gunzTarPerm modified mode [ 'front-end/Images/deleteIcon.png', 420, 438 ]
127 silly gunzTarPerm extractEntry front-end/Images/disclosureTriangleSmallDown.png
128 silly gunzTarPerm modified mode [ 'front-end/Images/disclosureTriangleSmallDown.png', 420, 438 ]
129 silly gunzTarPerm extractEntry front-end/Images/disclosureTriangleSmallDownBlack.png
130 silly gunzTarPerm modified mode [ 'front-end/Images/disclosureTriangleSmallDownBlack.png',
130 silly gunzTarPerm   420,
130 silly gunzTarPerm   438 ]
131 silly gunzTarPerm extractEntry front-end/Images/disclosureTriangleSmallDownWhite.png
132 silly gunzTarPerm modified mode [ 'front-end/Images/disclosureTriangleSmallDownWhite.png',
132 silly gunzTarPerm   420,
132 silly gunzTarPerm   438 ]
133 silly gunzTarPerm extractEntry front-end/Images/disclosureTriangleSmallRight.png
134 silly gunzTarPerm modified mode [ 'front-end/Images/disclosureTriangleSmallRight.png', 420, 438 ]
135 silly gunzTarPerm extractEntry front-end/Images/disclosureTriangleSmallRightBlack.png
136 silly gunzTarPerm modified mode [ 'front-end/Images/disclosureTriangleSmallRightBlack.png',
136 silly gunzTarPerm   420,
136 silly gunzTarPerm   438 ]
137 silly gunzTarPerm extractEntry front-end/Images/disclosureTriangleSmallRightDown.png
138 silly gunzTarPerm modified mode [ 'front-end/Images/disclosureTriangleSmallRightDown.png',
138 silly gunzTarPerm   420,
138 silly gunzTarPerm   438 ]
139 silly gunzTarPerm extractEntry front-end/Images/disclosureTriangleSmallRightDownBlack.png
140 silly gunzTarPerm modified mode [ 'front-end/Images/disclosureTriangleSmallRightDownBlack.png',
140 silly gunzTarPerm   420,
140 silly gunzTarPerm   438 ]
141 silly gunzTarPerm extractEntry front-end/Images/disclosureTriangleSmallRightDownWhite.png
142 silly gunzTarPerm modified mode [ 'front-end/Images/disclosureTriangleSmallRightDownWhite.png',
142 silly gunzTarPerm   420,
142 silly gunzTarPerm   438 ]
143 silly gunzTarPerm extractEntry front-end/Images/disclosureTriangleSmallRightWhite.png
144 silly gunzTarPerm modified mode [ 'front-end/Images/disclosureTriangleSmallRightWhite.png',
144 silly gunzTarPerm   420,
144 silly gunzTarPerm   438 ]
145 silly gunzTarPerm extractEntry front-end/Images/dockButtonGlyph.png
146 silly gunzTarPerm modified mode [ 'front-end/Images/dockButtonGlyph.png', 420, 438 ]
147 silly gunzTarPerm extractEntry front-end/Images/elementsIcon.png
148 silly gunzTarPerm modified mode [ 'front-end/Images/elementsIcon.png', 420, 438 ]
149 silly gunzTarPerm extractEntry front-end/Images/enableOutlineButtonGlyph.png
150 silly gunzTarPerm modified mode [ 'front-end/Images/enableOutlineButtonGlyph.png', 420, 438 ]
151 silly gunzTarPerm extractEntry front-end/Images/enableSolidButtonGlyph.png
152 silly gunzTarPerm modified mode [ 'front-end/Images/enableSolidButtonGlyph.png', 420, 438 ]
153 silly gunzTarPerm extractEntry front-end/Images/errorIcon.png
154 silly gunzTarPerm modified mode [ 'front-end/Images/errorIcon.png', 420, 438 ]
155 silly gunzTarPerm extractEntry front-end/Images/errorMediumIcon.png
156 silly gunzTarPerm modified mode [ 'front-end/Images/errorMediumIcon.png', 420, 438 ]
157 silly gunzTarPerm extractEntry front-end/Images/errorRedDot.png
158 silly gunzTarPerm modified mode [ 'front-end/Images/errorRedDot.png', 420, 438 ]
159 silly gunzTarPerm extractEntry front-end/Images/excludeButtonGlyph.png
160 silly gunzTarPerm modified mode [ 'front-end/Images/excludeButtonGlyph.png', 420, 438 ]
161 silly gunzTarPerm extractEntry front-end/Images/focusButtonGlyph.png
162 silly gunzTarPerm modified mode [ 'front-end/Images/focusButtonGlyph.png', 420, 438 ]
163 silly gunzTarPerm extractEntry front-end/Images/forward.png
164 silly gunzTarPerm modified mode [ 'front-end/Images/forward.png', 420, 438 ]
165 silly gunzTarPerm extractEntry front-end/Images/frame.png
166 silly gunzTarPerm modified mode [ 'front-end/Images/frame.png', 420, 438 ]
167 silly gunzTarPerm extractEntry front-end/Images/gearButtonGlyph.png
168 silly gunzTarPerm modified mode [ 'front-end/Images/gearButtonGlyph.png', 420, 438 ]
169 silly gunzTarPerm extractEntry front-end/Images/glossyHeader.png
170 silly gunzTarPerm modified mode [ 'front-end/Images/glossyHeader.png', 420, 438 ]
171 silly gunzTarPerm extractEntry front-end/Images/glossyHeaderPressed.png
172 silly gunzTarPerm modified mode [ 'front-end/Images/glossyHeaderPressed.png', 420, 438 ]
173 silly gunzTarPerm extractEntry front-end/Images/glossyHeaderSelected.png
174 silly gunzTarPerm modified mode [ 'front-end/Images/glossyHeaderSelected.png', 420, 438 ]
175 silly gunzTarPerm extractEntry front-end/Images/glossyHeaderSelectedPressed.png
176 silly gunzTarPerm modified mode [ 'front-end/Images/glossyHeaderSelectedPressed.png', 420, 438 ]
177 silly gunzTarPerm extractEntry front-end/Images/goArrow.png
178 silly gunzTarPerm modified mode [ 'front-end/Images/goArrow.png', 420, 438 ]
179 silly gunzTarPerm extractEntry front-end/Images/graphLabelCalloutLeft.png
180 silly gunzTarPerm modified mode [ 'front-end/Images/graphLabelCalloutLeft.png', 420, 438 ]
181 silly gunzTarPerm extractEntry front-end/Images/graphLabelCalloutRight.png
182 silly gunzTarPerm modified mode [ 'front-end/Images/graphLabelCalloutRight.png', 420, 438 ]
183 silly gunzTarPerm extractEntry front-end/Images/largerResourcesButtonGlyph.png
184 silly gunzTarPerm modified mode [ 'front-end/Images/largerResourcesButtonGlyph.png', 420, 438 ]
185 silly gunzTarPerm extractEntry front-end/Images/localStorage.png
186 silly gunzTarPerm modified mode [ 'front-end/Images/localStorage.png', 420, 438 ]
187 silly gunzTarPerm extractEntry front-end/Images/navigatorShowHideButton.png
188 silly gunzTarPerm modified mode [ 'front-end/Images/navigatorShowHideButton.png', 420, 438 ]
189 silly gunzTarPerm extractEntry front-end/Images/networkIcon.png
190 silly gunzTarPerm modified mode [ 'front-end/Images/networkIcon.png', 420, 438 ]
191 silly gunzTarPerm extractEntry front-end/Images/nodeSearchButtonGlyph.png
192 silly gunzTarPerm modified mode [ 'front-end/Images/nodeSearchButtonGlyph.png', 420, 438 ]
193 silly gunzTarPerm extractEntry front-end/Images/paneAddButtons.png
194 silly gunzTarPerm modified mode [ 'front-end/Images/paneAddButtons.png', 420, 438 ]
195 silly gunzTarPerm extractEntry front-end/Images/paneBottomGrow.png
196 silly gunzTarPerm modified mode [ 'front-end/Images/paneBottomGrow.png', 420, 438 ]
197 silly gunzTarPerm extractEntry front-end/Images/paneBottomGrowActive.png
198 silly gunzTarPerm modified mode [ 'front-end/Images/paneBottomGrowActive.png', 420, 438 ]
199 silly gunzTarPerm extractEntry front-end/Images/paneElementStateButtons.png
200 silly gunzTarPerm modified mode [ 'front-end/Images/paneElementStateButtons.png', 420, 438 ]
201 silly gunzTarPerm extractEntry front-end/Images/paneFilterButtons.png
202 silly gunzTarPerm modified mode [ 'front-end/Images/paneFilterButtons.png', 420, 438 ]
203 silly gunzTarPerm extractEntry front-end/Images/paneGrowHandleLine.png
204 silly gunzTarPerm modified mode [ 'front-end/Images/paneGrowHandleLine.png', 420, 438 ]
205 silly gunzTarPerm extractEntry front-end/Images/paneRefreshButtons.png
206 silly gunzTarPerm modified mode [ 'front-end/Images/paneRefreshButtons.png', 420, 438 ]
207 silly gunzTarPerm extractEntry front-end/Images/paneSettingsButtons.png
208 silly gunzTarPerm modified mode [ 'front-end/Images/paneSettingsButtons.png', 420, 438 ]
209 silly gunzTarPerm extractEntry front-end/Images/pauseOnExceptionButtonGlyph.png
210 silly gunzTarPerm modified mode [ 'front-end/Images/pauseOnExceptionButtonGlyph.png', 420, 438 ]
211 silly gunzTarPerm extractEntry front-end/Images/percentButtonGlyph.png
212 silly gunzTarPerm modified mode [ 'front-end/Images/percentButtonGlyph.png', 420, 438 ]
213 silly gunzTarPerm extractEntry front-end/Images/popoverArrows.png
214 silly gunzTarPerm modified mode [ 'front-end/Images/popoverArrows.png', 420, 438 ]
215 silly gunzTarPerm extractEntry front-end/Images/popoverBackground.png
216 silly gunzTarPerm modified mode [ 'front-end/Images/popoverBackground.png', 420, 438 ]
217 silly gunzTarPerm extractEntry front-end/Images/profileGroupIcon.png
218 silly gunzTarPerm modified mode [ 'front-end/Images/profileGroupIcon.png', 420, 438 ]
219 silly gunzTarPerm extractEntry front-end/Images/profileIcon.png
220 silly gunzTarPerm modified mode [ 'front-end/Images/profileIcon.png', 420, 438 ]
221 silly gunzTarPerm extractEntry front-end/Images/profilesIcon.png
222 silly gunzTarPerm modified mode [ 'front-end/Images/profilesIcon.png', 420, 438 ]
223 silly gunzTarPerm extractEntry front-end/Images/profileSmallIcon.png
224 silly gunzTarPerm modified mode [ 'front-end/Images/profileSmallIcon.png', 420, 438 ]
225 silly gunzTarPerm extractEntry front-end/Images/profilesSilhouette.png
226 silly gunzTarPerm modified mode [ 'front-end/Images/profilesSilhouette.png', 420, 438 ]
227 silly gunzTarPerm extractEntry front-end/Images/programCounterBorder.png
228 silly gunzTarPerm modified mode [ 'front-end/Images/programCounterBorder.png', 420, 438 ]
229 silly gunzTarPerm extractEntry front-end/Images/radioDot.png
230 silly gunzTarPerm modified mode [ 'front-end/Images/radioDot.png', 420, 438 ]
231 silly gunzTarPerm extractEntry front-end/Images/recordButtonGlyph.png
232 silly gunzTarPerm modified mode [ 'front-end/Images/recordButtonGlyph.png', 420, 438 ]
233 silly gunzTarPerm extractEntry front-end/Images/recordToggledButtonGlyph.png
234 silly gunzTarPerm modified mode [ 'front-end/Images/recordToggledButtonGlyph.png', 420, 438 ]
235 silly gunzTarPerm extractEntry front-end/Images/reloadButtonGlyph.png
236 silly gunzTarPerm modified mode [ 'front-end/Images/reloadButtonGlyph.png', 420, 438 ]
237 silly gunzTarPerm extractEntry front-end/Images/resourceCSSIcon.png
238 silly gunzTarPerm modified mode [ 'front-end/Images/resourceCSSIcon.png', 420, 438 ]
239 silly gunzTarPerm extractEntry front-end/Images/resourceDocumentIcon.png
240 silly gunzTarPerm modified mode [ 'front-end/Images/resourceDocumentIcon.png', 420, 438 ]
241 silly gunzTarPerm extractEntry front-end/Images/resourceDocumentIconSmall.png
242 silly gunzTarPerm modified mode [ 'front-end/Images/resourceDocumentIconSmall.png', 420, 438 ]
243 silly gunzTarPerm extractEntry front-end/Images/resourceJSIcon.png
244 silly gunzTarPerm modified mode [ 'front-end/Images/resourceJSIcon.png', 420, 438 ]
245 silly gunzTarPerm extractEntry front-end/Images/resourcePlainIcon.png
246 silly gunzTarPerm modified mode [ 'front-end/Images/resourcePlainIcon.png', 420, 438 ]
247 silly gunzTarPerm extractEntry front-end/Images/resourcePlainIconSmall.png
248 silly gunzTarPerm modified mode [ 'front-end/Images/resourcePlainIconSmall.png', 420, 438 ]
249 silly gunzTarPerm extractEntry front-end/Images/resourcesIcon.png
250 silly gunzTarPerm modified mode [ 'front-end/Images/resourcesIcon.png', 420, 438 ]
251 silly gunzTarPerm extractEntry front-end/Images/auditsIcon.png
252 silly gunzTarPerm modified mode [ 'front-end/Images/auditsIcon.png', 420, 438 ]
253 silly gunzTarPerm extractEntry front-end/Images/resourcesTimeGraphIcon.png
254 silly gunzTarPerm modified mode [ 'front-end/Images/resourcesTimeGraphIcon.png', 420, 438 ]
255 silly gunzTarPerm extractEntry front-end/Images/scriptsIcon.png
256 silly gunzTarPerm modified mode [ 'front-end/Images/scriptsIcon.png', 420, 438 ]
257 silly gunzTarPerm extractEntry front-end/Images/scriptsSilhouette.png
258 silly gunzTarPerm modified mode [ 'front-end/Images/scriptsSilhouette.png', 420, 438 ]
259 silly gunzTarPerm extractEntry front-end/Images/searchSmallBlue.png
260 silly gunzTarPerm modified mode [ 'front-end/Images/searchSmallBlue.png', 420, 438 ]
261 silly gunzTarPerm extractEntry front-end/Images/searchSmallBrightBlue.png
262 silly gunzTarPerm modified mode [ 'front-end/Images/searchSmallBrightBlue.png', 420, 438 ]
263 silly gunzTarPerm extractEntry front-end/Images/searchSmallGray.png
264 silly gunzTarPerm modified mode [ 'front-end/Images/searchSmallGray.png', 420, 438 ]
265 silly gunzTarPerm extractEntry front-end/Images/searchSmallWhite.png
266 silly gunzTarPerm modified mode [ 'front-end/Images/searchSmallWhite.png', 420, 438 ]
267 silly gunzTarPerm extractEntry front-end/Images/segment.png
268 silly gunzTarPerm modified mode [ 'front-end/Images/segment.png', 420, 438 ]
269 silly gunzTarPerm extractEntry front-end/Images/segmentEnd.png
270 silly gunzTarPerm modified mode [ 'front-end/Images/segmentEnd.png', 420, 438 ]
271 silly gunzTarPerm extractEntry front-end/Images/segmentHover.png
272 silly gunzTarPerm modified mode [ 'front-end/Images/segmentHover.png', 420, 438 ]
273 silly gunzTarPerm extractEntry front-end/Images/segmentHoverEnd.png
274 silly gunzTarPerm modified mode [ 'front-end/Images/segmentHoverEnd.png', 420, 438 ]
275 silly gunzTarPerm extractEntry front-end/Images/segmentSelected.png
276 silly gunzTarPerm modified mode [ 'front-end/Images/segmentSelected.png', 420, 438 ]
277 silly gunzTarPerm extractEntry front-end/Images/segmentSelectedEnd.png
278 silly gunzTarPerm modified mode [ 'front-end/Images/segmentSelectedEnd.png', 420, 438 ]
279 silly gunzTarPerm extractEntry front-end/Images/sessionStorage.png
280 silly gunzTarPerm modified mode [ 'front-end/Images/sessionStorage.png', 420, 438 ]
281 silly gunzTarPerm extractEntry front-end/Images/spinner.gif
282 silly gunzTarPerm modified mode [ 'front-end/Images/spinner.gif', 420, 438 ]
283 silly gunzTarPerm extractEntry front-end/Images/spinnerActive.gif
284 silly gunzTarPerm modified mode [ 'front-end/Images/spinnerActive.gif', 420, 438 ]
285 silly gunzTarPerm extractEntry front-end/Images/spinnerActiveSelected.gif
286 silly gunzTarPerm modified mode [ 'front-end/Images/spinnerActiveSelected.gif', 420, 438 ]
287 silly gunzTarPerm extractEntry front-end/Images/spinnerInactive.gif
288 silly gunzTarPerm modified mode [ 'front-end/Images/spinnerInactive.gif', 420, 438 ]
289 silly gunzTarPerm extractEntry front-end/Images/spinnerInactiveSelected.gif
290 silly gunzTarPerm modified mode [ 'front-end/Images/spinnerInactiveSelected.gif', 420, 438 ]
291 silly gunzTarPerm extractEntry front-end/Images/splitviewDimple.png
292 silly gunzTarPerm modified mode [ 'front-end/Images/splitviewDimple.png', 420, 438 ]
293 silly gunzTarPerm extractEntry front-end/Images/splitviewDividerBackground.png
294 silly gunzTarPerm modified mode [ 'front-end/Images/splitviewDividerBackground.png', 420, 438 ]
295 silly gunzTarPerm extractEntry front-end/Images/statusbarBackground.png
296 silly gunzTarPerm modified mode [ 'front-end/Images/statusbarBackground.png', 420, 438 ]
297 silly gunzTarPerm extractEntry front-end/Images/statusbarBackgroundChromium.png
298 silly gunzTarPerm modified mode [ 'front-end/Images/statusbarBackgroundChromium.png', 420, 438 ]
299 silly gunzTarPerm extractEntry front-end/Images/statusbarBottomBackground.png
300 silly gunzTarPerm modified mode [ 'front-end/Images/statusbarBottomBackground.png', 420, 438 ]
301 silly gunzTarPerm extractEntry front-end/Images/statusbarBottomBackgroundChromium.png
302 silly gunzTarPerm modified mode [ 'front-end/Images/statusbarBottomBackgroundChromium.png',
302 silly gunzTarPerm   420,
302 silly gunzTarPerm   438 ]
303 silly gunzTarPerm extractEntry front-end/Images/statusbarButtonGlyphs.png
304 silly gunzTarPerm modified mode [ 'front-end/Images/statusbarButtonGlyphs.png', 420, 438 ]
305 silly gunzTarPerm extractEntry front-end/Images/statusbarButtons.png
306 silly gunzTarPerm modified mode [ 'front-end/Images/statusbarButtons.png', 420, 438 ]
307 silly gunzTarPerm extractEntry front-end/Images/statusbarButtonsChromium.png
308 silly gunzTarPerm modified mode [ 'front-end/Images/statusbarButtonsChromium.png', 420, 438 ]
309 silly gunzTarPerm extractEntry front-end/Images/statusbarMenuButton.png
310 silly gunzTarPerm modified mode [ 'front-end/Images/statusbarMenuButton.png', 420, 438 ]
311 silly gunzTarPerm extractEntry front-end/Images/statusbarMenuButtonChromium.png
312 silly gunzTarPerm modified mode [ 'front-end/Images/statusbarMenuButtonChromium.png', 420, 438 ]
313 silly gunzTarPerm extractEntry front-end/Images/statusbarMenuButtonSelected.png
314 silly gunzTarPerm modified mode [ 'front-end/Images/statusbarMenuButtonSelected.png', 420, 438 ]
315 silly gunzTarPerm extractEntry front-end/Images/statusbarMenuButtonSelectedChromium.png
316 silly gunzTarPerm modified mode [ 'front-end/Images/statusbarMenuButtonSelectedChromium.png',
316 silly gunzTarPerm   420,
316 silly gunzTarPerm   438 ]
317 silly gunzTarPerm extractEntry front-end/Images/statusbarResizerHorizontal.png
318 silly gunzTarPerm modified mode [ 'front-end/Images/statusbarResizerHorizontal.png', 420, 438 ]
319 silly gunzTarPerm extractEntry front-end/Images/statusbarResizerVertical.png
320 silly gunzTarPerm modified mode [ 'front-end/Images/statusbarResizerVertical.png', 420, 438 ]
321 silly gunzTarPerm extractEntry front-end/Images/successGreenDot.png
322 silly gunzTarPerm modified mode [ 'front-end/Images/successGreenDot.png', 420, 438 ]
323 silly gunzTarPerm extractEntry front-end/Images/thumbActiveHoriz.png
324 silly gunzTarPerm modified mode [ 'front-end/Images/thumbActiveHoriz.png', 420, 438 ]
325 silly gunzTarPerm extractEntry front-end/Images/thumbActiveVert.png
326 silly gunzTarPerm modified mode [ 'front-end/Images/thumbActiveVert.png', 420, 438 ]
327 silly gunzTarPerm extractEntry front-end/Images/thumbHoriz.png
328 silly gunzTarPerm modified mode [ 'front-end/Images/thumbHoriz.png', 420, 438 ]
329 silly gunzTarPerm extractEntry front-end/Images/thumbHoverHoriz.png
330 silly gunzTarPerm modified mode [ 'front-end/Images/thumbHoverHoriz.png', 420, 438 ]
331 silly gunzTarPerm extractEntry front-end/Images/thumbHoverVert.png
332 silly gunzTarPerm modified mode [ 'front-end/Images/thumbHoverVert.png', 420, 438 ]
333 silly gunzTarPerm extractEntry front-end/Images/thumbVert.png
334 silly gunzTarPerm modified mode [ 'front-end/Images/thumbVert.png', 420, 438 ]
335 silly gunzTarPerm extractEntry front-end/Images/timelineBarBlue.png
336 silly gunzTarPerm modified mode [ 'front-end/Images/timelineBarBlue.png', 420, 438 ]
337 silly gunzTarPerm extractEntry front-end/Images/timelineBarGray.png
338 silly gunzTarPerm modified mode [ 'front-end/Images/timelineBarGray.png', 420, 438 ]
339 silly gunzTarPerm extractEntry front-end/Images/timelineBarGreen.png
340 silly gunzTarPerm modified mode [ 'front-end/Images/timelineBarGreen.png', 420, 438 ]
341 silly gunzTarPerm extractEntry front-end/Images/timelineBarOrange.png
342 silly gunzTarPerm modified mode [ 'front-end/Images/timelineBarOrange.png', 420, 438 ]
343 silly gunzTarPerm extractEntry front-end/Images/timelineBarPurple.png
344 silly gunzTarPerm modified mode [ 'front-end/Images/timelineBarPurple.png', 420, 438 ]
345 silly gunzTarPerm extractEntry front-end/Images/timelineBarRed.png
346 silly gunzTarPerm modified mode [ 'front-end/Images/timelineBarRed.png', 420, 438 ]
347 silly gunzTarPerm extractEntry front-end/Images/timelineBarYellow.png
348 silly gunzTarPerm modified mode [ 'front-end/Images/timelineBarYellow.png', 420, 438 ]
349 silly gunzTarPerm extractEntry front-end/Images/timelineCheckmarks.png
350 silly gunzTarPerm modified mode [ 'front-end/Images/timelineCheckmarks.png', 420, 438 ]
351 silly gunzTarPerm extractEntry front-end/Images/timelineDots.png
352 silly gunzTarPerm modified mode [ 'front-end/Images/timelineDots.png', 420, 438 ]
353 silly gunzTarPerm extractEntry front-end/Images/timelineHollowPillBlue.png
354 silly gunzTarPerm modified mode [ 'front-end/Images/timelineHollowPillBlue.png', 420, 438 ]
355 silly gunzTarPerm extractEntry front-end/Images/timelineHollowPillGray.png
356 silly gunzTarPerm modified mode [ 'front-end/Images/timelineHollowPillGray.png', 420, 438 ]
357 silly gunzTarPerm extractEntry front-end/Images/timelineHollowPillGreen.png
358 silly gunzTarPerm modified mode [ 'front-end/Images/timelineHollowPillGreen.png', 420, 438 ]
359 silly gunzTarPerm extractEntry front-end/Images/timelineHollowPillOrange.png
360 silly gunzTarPerm modified mode [ 'front-end/Images/timelineHollowPillOrange.png', 420, 438 ]
361 silly gunzTarPerm extractEntry front-end/Images/timelineHollowPillPurple.png
362 silly gunzTarPerm modified mode [ 'front-end/Images/timelineHollowPillPurple.png', 420, 438 ]
363 silly gunzTarPerm extractEntry front-end/Images/timelineHollowPillRed.png
364 silly gunzTarPerm modified mode [ 'front-end/Images/timelineHollowPillRed.png', 420, 438 ]
365 silly gunzTarPerm extractEntry front-end/Images/timelineHollowPillYellow.png
366 silly gunzTarPerm modified mode [ 'front-end/Images/timelineHollowPillYellow.png', 420, 438 ]
367 silly gunzTarPerm extractEntry front-end/Images/timelineIcon.png
368 silly gunzTarPerm modified mode [ 'front-end/Images/timelineIcon.png', 420, 438 ]
369 silly gunzTarPerm extractEntry front-end/Images/timelinePillBlue.png
370 silly gunzTarPerm modified mode [ 'front-end/Images/timelinePillBlue.png', 420, 438 ]
371 silly gunzTarPerm extractEntry front-end/Images/timelinePillGray.png
372 silly gunzTarPerm modified mode [ 'front-end/Images/timelinePillGray.png', 420, 438 ]
373 silly gunzTarPerm extractEntry front-end/Images/timelinePillGreen.png
374 silly gunzTarPerm modified mode [ 'front-end/Images/timelinePillGreen.png', 420, 438 ]
375 silly gunzTarPerm extractEntry front-end/Images/timelinePillOrange.png
376 silly gunzTarPerm modified mode [ 'front-end/Images/timelinePillOrange.png', 420, 438 ]
377 silly gunzTarPerm extractEntry front-end/Images/timelinePillPurple.png
378 silly gunzTarPerm modified mode [ 'front-end/Images/timelinePillPurple.png', 420, 438 ]
379 silly gunzTarPerm extractEntry front-end/Images/timelinePillRed.png
380 silly gunzTarPerm modified mode [ 'front-end/Images/timelinePillRed.png', 420, 438 ]
381 silly gunzTarPerm extractEntry front-end/Images/timelinePillYellow.png
382 silly gunzTarPerm modified mode [ 'front-end/Images/timelinePillYellow.png', 420, 438 ]
383 silly gunzTarPerm extractEntry front-end/Images/toolbarIcons.png
384 silly gunzTarPerm modified mode [ 'front-end/Images/toolbarIcons.png', 420, 438 ]
385 silly gunzTarPerm extractEntry front-end/Images/toolbarIconsSmall.png
386 silly gunzTarPerm modified mode [ 'front-end/Images/toolbarIconsSmall.png', 420, 438 ]
387 silly gunzTarPerm extractEntry front-end/Images/toolbarItemSelected.png
388 silly gunzTarPerm modified mode [ 'front-end/Images/toolbarItemSelected.png', 420, 438 ]
389 silly gunzTarPerm extractEntry front-end/Images/trackHoriz.png
390 silly gunzTarPerm modified mode [ 'front-end/Images/trackHoriz.png', 420, 438 ]
391 silly gunzTarPerm extractEntry front-end/Images/trackVert.png
392 silly gunzTarPerm modified mode [ 'front-end/Images/trackVert.png', 420, 438 ]
393 silly gunzTarPerm extractEntry front-end/Images/treeDownTriangleBlack.png
394 silly gunzTarPerm modified mode [ 'front-end/Images/treeDownTriangleBlack.png', 420, 438 ]
395 silly gunzTarPerm extractEntry front-end/Images/treeDownTriangleWhite.png
396 silly gunzTarPerm modified mode [ 'front-end/Images/treeDownTriangleWhite.png', 420, 438 ]
397 silly gunzTarPerm extractEntry front-end/Images/treeRightTriangleBlack.png
398 silly gunzTarPerm modified mode [ 'front-end/Images/treeRightTriangleBlack.png', 420, 438 ]
399 silly gunzTarPerm extractEntry front-end/Images/treeRightTriangleWhite.png
400 silly gunzTarPerm modified mode [ 'front-end/Images/treeRightTriangleWhite.png', 420, 438 ]
401 silly gunzTarPerm extractEntry front-end/Images/treeUpTriangleBlack.png
402 silly gunzTarPerm modified mode [ 'front-end/Images/treeUpTriangleBlack.png', 420, 438 ]
403 silly gunzTarPerm extractEntry front-end/Images/treeUpTriangleWhite.png
404 silly gunzTarPerm modified mode [ 'front-end/Images/treeUpTriangleWhite.png', 420, 438 ]
405 silly gunzTarPerm extractEntry front-end/Images/undockButtonGlyph.png
406 silly gunzTarPerm modified mode [ 'front-end/Images/undockButtonGlyph.png', 420, 438 ]
407 silly gunzTarPerm extractEntry front-end/Images/userInputIcon.png
408 silly gunzTarPerm modified mode [ 'front-end/Images/userInputIcon.png', 420, 438 ]
409 silly gunzTarPerm extractEntry front-end/Images/userInputPreviousIcon.png
410 silly gunzTarPerm modified mode [ 'front-end/Images/userInputPreviousIcon.png', 420, 438 ]
411 silly gunzTarPerm extractEntry front-end/Images/userInputResultIcon.png
412 silly gunzTarPerm modified mode [ 'front-end/Images/userInputResultIcon.png', 420, 438 ]
413 silly gunzTarPerm extractEntry front-end/Images/warningIcon.png
414 silly gunzTarPerm modified mode [ 'front-end/Images/warningIcon.png', 420, 438 ]
415 silly gunzTarPerm extractEntry front-end/Images/warningMediumIcon.png
416 silly gunzTarPerm modified mode [ 'front-end/Images/warningMediumIcon.png', 420, 438 ]
417 silly gunzTarPerm extractEntry front-end/Images/warningOrangeDot.png
418 silly gunzTarPerm modified mode [ 'front-end/Images/warningOrangeDot.png', 420, 438 ]
419 silly gunzTarPerm extractEntry front-end/Images/warningsErrors.png
420 silly gunzTarPerm modified mode [ 'front-end/Images/warningsErrors.png', 420, 438 ]
421 silly gunzTarPerm extractEntry front-end/index.html
422 silly gunzTarPerm modified mode [ 'front-end/index.html', 420, 438 ]
423 silly gunzTarPerm extractEntry front-end/navigatorView.css
424 silly gunzTarPerm modified mode [ 'front-end/navigatorView.css', 420, 438 ]
425 silly gunzTarPerm extractEntry front-end/devtools.css
426 silly gunzTarPerm modified mode [ 'front-end/devtools.css', 420, 438 ]
427 silly gunzTarPerm extractEntry front-end/scriptsPanel.css
428 silly gunzTarPerm modified mode [ 'front-end/scriptsPanel.css', 420, 438 ]
429 silly gunzTarPerm extractEntry front-end/splitView.css
430 silly gunzTarPerm modified mode [ 'front-end/splitView.css', 420, 438 ]
431 silly gunzTarPerm extractEntry front-end/tabbedPane.css
432 silly gunzTarPerm modified mode [ 'front-end/tabbedPane.css', 420, 438 ]
433 silly gunzTarPerm extractEntry front-end/textPrompt.css
434 silly gunzTarPerm modified mode [ 'front-end/textPrompt.css', 420, 438 ]
435 silly gunzTarPerm extractEntry front-end/textViewer.css
436 silly gunzTarPerm modified mode [ 'front-end/textViewer.css', 420, 438 ]
437 silly gunzTarPerm extractEntry lib/callback.js
438 silly gunzTarPerm modified mode [ 'lib/callback.js', 420, 438 ]
439 silly gunzTarPerm extractEntry lib/client.js
440 silly gunzTarPerm modified mode [ 'lib/client.js', 420, 438 ]
441 silly gunzTarPerm extractEntry lib/debug-server.js
442 silly gunzTarPerm modified mode [ 'lib/debug-server.js', 420, 438 ]
443 silly gunzTarPerm extractEntry lib/protocol.js
444 silly gunzTarPerm modified mode [ 'lib/protocol.js', 420, 438 ]
445 silly gunzTarPerm extractEntry lib/session2.js
446 silly gunzTarPerm modified mode [ 'lib/session2.js', 420, 438 ]
447 silly gunzTarPerm extractEntry lib/v2w.js
448 silly gunzTarPerm modified mode [ 'lib/v2w.js', 420, 438 ]
449 silly gunzTarPerm extractEntry lib/front-end/browser.js
450 silly gunzTarPerm modified mode [ 'lib/front-end/browser.js', 420, 438 ]
451 silly gunzTarPerm extractEntry lib/front-end/callframe.js
452 silly gunzTarPerm modified mode [ 'lib/front-end/callframe.js', 420, 438 ]
453 silly gunzTarPerm extractEntry lib/front-end/console.js
454 silly gunzTarPerm modified mode [ 'lib/front-end/console.js', 420, 438 ]
455 silly gunzTarPerm extractEntry lib/front-end/debugger.js
456 silly gunzTarPerm modified mode [ 'lib/front-end/debugger.js', 420, 438 ]
457 silly gunzTarPerm extractEntry lib/front-end/location.js
458 silly gunzTarPerm modified mode [ 'lib/front-end/location.js', 420, 438 ]
459 silly gunzTarPerm extractEntry lib/front-end/remote-object.js
460 silly gunzTarPerm modified mode [ 'lib/front-end/remote-object.js', 420, 438 ]
461 silly gunzTarPerm extractEntry lib/front-end/runtime.js
462 silly gunzTarPerm modified mode [ 'lib/front-end/runtime.js', 420, 438 ]
463 silly gunzTarPerm extractEntry lib/front-end/scope.js
464 silly gunzTarPerm modified mode [ 'lib/front-end/scope.js', 420, 438 ]
465 silly gunzTarPerm extractEntry readme.md
466 silly gunzTarPerm modified mode [ 'readme.md', 420, 438 ]
467 silly gunzTarPerm extractEntry test/hello.js
468 silly gunzTarPerm modified mode [ 'test/hello.js', 493, 511 ]
469 verbose read json /var/folders/vc/gwyzl37s31sf7xhdj_cqypd00000gn/T/npm-5114/1346708757577-0.07897716714069247/package/package.json
470 silly lockFile 84797dce-7577-0-07897716714069247-package /var/folders/vc/gwyzl37s31sf7xhdj_cqypd00000gn/T/npm-5114/1346708757577-0.07897716714069247/package
471 verbose from cache /var/folders/vc/gwyzl37s31sf7xhdj_cqypd00000gn/T/npm-5114/1346708757577-0.07897716714069247/package/package.json
472 verbose tar pack [ '/Users/trav/.npm/node-inspector/0.2.0beta3/package.tgz',
472 verbose tar pack   '/var/folders/vc/gwyzl37s31sf7xhdj_cqypd00000gn/T/npm-5114/1346708757577-0.07897716714069247/package' ]
473 verbose tarball /Users/trav/.npm/node-inspector/0.2.0beta3/package.tgz
474 verbose folder /var/folders/vc/gwyzl37s31sf7xhdj_cqypd00000gn/T/npm-5114/1346708757577-0.07897716714069247/package
475 silly lockFile 0f8a7114-inspector-0-2-0beta3-package-tgz /Users/trav/.npm/node-inspector/0.2.0beta3/package.tgz
476 verbose lock /Users/trav/.npm/node-inspector/0.2.0beta3/package.tgz /Users/trav/.npm/0f8a7114-inspector-0-2-0beta3-package-tgz.lock
477 silly lockFile 0f8a7114-inspector-0-2-0beta3-package-tgz /Users/trav/.npm/node-inspector/0.2.0beta3/package.tgz
478 silly lockFile 857b83da-ode-inspector-0-2-0beta3-package /Users/trav/.npm/node-inspector/0.2.0beta3/package
479 verbose lock /Users/trav/.npm/node-inspector/0.2.0beta3/package /Users/trav/.npm/857b83da-ode-inspector-0-2-0beta3-package.lock
480 silly lockFile 857b83da-ode-inspector-0-2-0beta3-package /Users/trav/.npm/node-inspector/0.2.0beta3/package
481 verbose tar unpack /Users/trav/.npm/node-inspector/0.2.0beta3/package.tgz
482 silly lockFile 857b83da-ode-inspector-0-2-0beta3-package /Users/trav/.npm/node-inspector/0.2.0beta3/package
483 verbose lock /Users/trav/.npm/node-inspector/0.2.0beta3/package /Users/trav/.npm/857b83da-ode-inspector-0-2-0beta3-package.lock
484 silly gunzTarPerm modes [ '777', '666' ]
485 silly gunzTarPerm extractEntry package.json
486 silly gunzTarPerm extractEntry .npmignore
487 silly gunzTarPerm extractEntry LICENSE
488 silly gunzTarPerm extractEntry bin/inspector.js
489 silly gunzTarPerm extractEntry ChangeLog
490 silly gunzTarPerm extractEntry config.json
491 silly gunzTarPerm extractEntry front-end/devtools.js
492 silly gunzTarPerm extractEntry front-end/node/InspectorBackendStub.js
493 silly gunzTarPerm extractEntry front-end/node/InspectorFrontendHostStub.js
494 silly gunzTarPerm extractEntry front-end/node/Overrides.js
495 silly gunzTarPerm extractEntry front-end/helpScreen.css
496 silly gunzTarPerm extractEntry front-end/Images/resourcesSizeGraphIcon.png
497 silly gunzTarPerm extractEntry front-end/Images/applicationCache.png
498 silly gunzTarPerm extractEntry front-end/Images/back.png
499 silly gunzTarPerm extractEntry front-end/Images/breakpointBorder.png
500 silly gunzTarPerm extractEntry front-end/Images/breakpointConditionalBorder.png
501 silly gunzTarPerm extractEntry front-end/Images/breakpointConditionalCounterBorder.png
502 silly gunzTarPerm extractEntry front-end/Images/breakpointCounterBorder.png
503 silly gunzTarPerm extractEntry front-end/Images/breakpointsActivateButtonGlyph.png
504 silly gunzTarPerm extractEntry front-end/Images/breakpointsDeactivateButtonGlyph.png
505 silly gunzTarPerm extractEntry front-end/Images/checker.png
506 silly gunzTarPerm extractEntry front-end/Images/clearConsoleButtonGlyph.png
507 silly gunzTarPerm extractEntry front-end/Images/closeButtons.png
508 silly gunzTarPerm extractEntry front-end/Images/consoleButtonGlyph.png
509 silly gunzTarPerm extractEntry front-end/Images/consoleIcon.png
510 silly gunzTarPerm extractEntry front-end/Images/cookie.png
511 silly gunzTarPerm extractEntry front-end/Images/database.png
512 silly gunzTarPerm extractEntry front-end/Images/databaseTable.png
513 silly gunzTarPerm extractEntry front-end/Images/debuggerContinue.png
514 silly gunzTarPerm extractEntry front-end/Images/debuggerPause.png
515 silly gunzTarPerm extractEntry front-end/Images/debuggerStepInto.png
516 silly gunzTarPerm extractEntry front-end/Images/debuggerStepOut.png
517 silly gunzTarPerm extractEntry front-end/Images/debuggerStepOver.png
518 silly gunzTarPerm extractEntry front-end/Images/deleteIcon.png
519 silly gunzTarPerm extractEntry front-end/Images/disclosureTriangleSmallDown.png
520 silly gunzTarPerm extractEntry front-end/Images/disclosureTriangleSmallDownBlack.png
521 silly gunzTarPerm extractEntry front-end/Images/disclosureTriangleSmallDownWhite.png
522 silly gunzTarPerm extractEntry front-end/Images/disclosureTriangleSmallRight.png
523 silly gunzTarPerm extractEntry front-end/Images/disclosureTriangleSmallRightBlack.png
524 silly gunzTarPerm extractEntry front-end/Images/disclosureTriangleSmallRightDown.png
525 silly gunzTarPerm extractEntry front-end/Images/disclosureTriangleSmallRightDownBlack.png
526 silly gunzTarPerm extractEntry front-end/Images/disclosureTriangleSmallRightDownWhite.png
527 silly gunzTarPerm extractEntry front-end/Images/disclosureTriangleSmallRightWhite.png
528 silly gunzTarPerm extractEntry front-end/Images/dockButtonGlyph.png
529 silly gunzTarPerm extractEntry front-end/Images/elementsIcon.png
530 silly gunzTarPerm extractEntry front-end/Images/enableOutlineButtonGlyph.png
531 silly gunzTarPerm extractEntry front-end/Images/enableSolidButtonGlyph.png
532 silly gunzTarPerm extractEntry front-end/Images/errorIcon.png
533 silly gunzTarPerm extractEntry front-end/Images/errorMediumIcon.png
534 silly gunzTarPerm extractEntry front-end/Images/errorRedDot.png
535 silly gunzTarPerm extractEntry front-end/Images/excludeButtonGlyph.png
536 silly gunzTarPerm extractEntry front-end/Images/focusButtonGlyph.png
537 silly gunzTarPerm extractEntry front-end/Images/forward.png
538 silly gunzTarPerm extractEntry front-end/Images/frame.png
539 silly gunzTarPerm extractEntry front-end/Images/gearButtonGlyph.png
540 silly gunzTarPerm extractEntry front-end/Images/glossyHeader.png
541 silly gunzTarPerm extractEntry front-end/Images/glossyHeaderPressed.png
542 silly gunzTarPerm extractEntry front-end/Images/glossyHeaderSelected.png
543 silly gunzTarPerm extractEntry front-end/Images/glossyHeaderSelectedPressed.png
544 silly gunzTarPerm extractEntry front-end/Images/goArrow.png
545 silly gunzTarPerm extractEntry front-end/Images/graphLabelCalloutLeft.png
546 silly gunzTarPerm extractEntry front-end/Images/graphLabelCalloutRight.png
547 silly gunzTarPerm extractEntry front-end/Images/largerResourcesButtonGlyph.png
548 silly gunzTarPerm extractEntry front-end/Images/localStorage.png
549 silly gunzTarPerm extractEntry front-end/Images/navigatorShowHideButton.png
550 silly gunzTarPerm extractEntry front-end/Images/networkIcon.png
551 silly gunzTarPerm extractEntry front-end/Images/nodeSearchButtonGlyph.png
552 silly gunzTarPerm extractEntry front-end/Images/paneAddButtons.png
553 silly gunzTarPerm extractEntry front-end/Images/paneBottomGrow.png
554 silly gunzTarPerm extractEntry front-end/Images/paneBottomGrowActive.png
555 silly gunzTarPerm extractEntry front-end/Images/paneElementStateButtons.png
556 silly gunzTarPerm extractEntry front-end/Images/paneFilterButtons.png
557 silly gunzTarPerm extractEntry front-end/Images/paneGrowHandleLine.png
558 silly gunzTarPerm extractEntry front-end/Images/paneRefreshButtons.png
559 silly gunzTarPerm extractEntry front-end/Images/paneSettingsButtons.png
560 silly gunzTarPerm extractEntry front-end/Images/pauseOnExceptionButtonGlyph.png
561 silly gunzTarPerm extractEntry front-end/Images/percentButtonGlyph.png
562 silly gunzTarPerm extractEntry front-end/Images/popoverArrows.png
563 silly gunzTarPerm extractEntry front-end/Images/popoverBackground.png
564 silly gunzTarPerm extractEntry front-end/Images/profileGroupIcon.png
565 silly gunzTarPerm extractEntry front-end/Images/profileIcon.png
566 silly gunzTarPerm extractEntry front-end/Images/profilesIcon.png
567 silly gunzTarPerm extractEntry front-end/Images/profileSmallIcon.png
568 silly gunzTarPerm extractEntry front-end/Images/profilesSilhouette.png
569 silly gunzTarPerm extractEntry front-end/Images/programCounterBorder.png
570 silly gunzTarPerm extractEntry front-end/Images/radioDot.png
571 silly gunzTarPerm extractEntry front-end/Images/recordButtonGlyph.png
572 silly gunzTarPerm extractEntry front-end/Images/recordToggledButtonGlyph.png
573 silly gunzTarPerm extractEntry front-end/Images/reloadButtonGlyph.png
574 silly gunzTarPerm extractEntry front-end/Images/resourceCSSIcon.png
575 silly gunzTarPerm extractEntry front-end/Images/resourceDocumentIcon.png
576 silly gunzTarPerm extractEntry front-end/Images/resourceDocumentIconSmall.png
577 silly gunzTarPerm extractEntry front-end/Images/resourceJSIcon.png
578 silly gunzTarPerm extractEntry front-end/Images/resourcePlainIcon.png
579 silly gunzTarPerm extractEntry front-end/Images/resourcePlainIconSmall.png
580 silly gunzTarPerm extractEntry front-end/Images/resourcesIcon.png
581 silly gunzTarPerm extractEntry front-end/Images/auditsIcon.png
582 silly gunzTarPerm extractEntry front-end/Images/resourcesTimeGraphIcon.png
583 silly gunzTarPerm extractEntry front-end/Images/scriptsIcon.png
584 silly gunzTarPerm extractEntry front-end/Images/scriptsSilhouette.png
585 silly gunzTarPerm extractEntry front-end/Images/searchSmallBlue.png
586 silly gunzTarPerm extractEntry front-end/Images/searchSmallBrightBlue.png
587 silly gunzTarPerm extractEntry front-end/Images/searchSmallGray.png
588 silly gunzTarPerm extractEntry front-end/Images/searchSmallWhite.png
589 silly gunzTarPerm extractEntry front-end/Images/segment.png
590 silly gunzTarPerm extractEntry front-end/Images/segmentEnd.png
591 silly gunzTarPerm extractEntry front-end/Images/segmentHover.png
592 silly gunzTarPerm extractEntry front-end/Images/segmentHoverEnd.png
593 silly gunzTarPerm extractEntry front-end/Images/segmentSelected.png
594 silly gunzTarPerm extractEntry front-end/Images/segmentSelectedEnd.png
595 silly gunzTarPerm extractEntry front-end/Images/sessionStorage.png
596 silly gunzTarPerm extractEntry front-end/Images/spinner.gif
597 silly gunzTarPerm extractEntry front-end/Images/spinnerActive.gif
598 silly gunzTarPerm extractEntry front-end/Images/spinnerActiveSelected.gif
599 silly gunzTarPerm extractEntry front-end/Images/spinnerInactive.gif
600 silly gunzTarPerm extractEntry front-end/Images/spinnerInactiveSelected.gif
601 silly gunzTarPerm extractEntry front-end/Images/splitviewDimple.png
602 silly gunzTarPerm extractEntry front-end/Images/splitviewDividerBackground.png
603 silly gunzTarPerm extractEntry front-end/Images/statusbarBackground.png
604 silly gunzTarPerm extractEntry front-end/Images/statusbarBackgroundChromium.png
605 silly gunzTarPerm extractEntry front-end/Images/statusbarBottomBackground.png
606 silly gunzTarPerm extractEntry front-end/Images/statusbarBottomBackgroundChromium.png
607 silly gunzTarPerm extractEntry front-end/Images/statusbarButtonGlyphs.png
608 silly gunzTarPerm extractEntry front-end/Images/statusbarButtons.png
609 silly gunzTarPerm extractEntry front-end/Images/statusbarButtonsChromium.png
610 silly gunzTarPerm extractEntry front-end/Images/statusbarMenuButton.png
611 silly gunzTarPerm extractEntry front-end/Images/statusbarMenuButtonChromium.png
612 silly gunzTarPerm extractEntry front-end/Images/statusbarMenuButtonSelected.png
613 silly gunzTarPerm extractEntry front-end/Images/statusbarMenuButtonSelectedChromium.png
614 silly gunzTarPerm extractEntry front-end/Images/statusbarResizerHorizontal.png
615 silly gunzTarPerm extractEntry front-end/Images/statusbarResizerVertical.png
616 silly gunzTarPerm extractEntry front-end/Images/successGreenDot.png
617 silly gunzTarPerm extractEntry front-end/Images/thumbActiveHoriz.png
618 silly gunzTarPerm extractEntry front-end/Images/thumbActiveVert.png
619 silly gunzTarPerm extractEntry front-end/Images/thumbHoriz.png
620 silly gunzTarPerm extractEntry front-end/Images/thumbHoverHoriz.png
621 silly gunzTarPerm extractEntry front-end/Images/thumbHoverVert.png
622 silly gunzTarPerm extractEntry front-end/Images/thumbVert.png
623 silly gunzTarPerm extractEntry front-end/Images/timelineBarBlue.png
624 silly gunzTarPerm extractEntry front-end/Images/timelineBarGray.png
625 silly gunzTarPerm extractEntry front-end/Images/timelineBarGreen.png
626 silly gunzTarPerm extractEntry front-end/Images/timelineBarOrange.png
627 silly gunzTarPerm extractEntry front-end/Images/timelineBarPurple.png
628 silly gunzTarPerm extractEntry front-end/Images/timelineBarRed.png
629 silly gunzTarPerm extractEntry front-end/Images/timelineBarYellow.png
630 silly gunzTarPerm extractEntry front-end/Images/timelineCheckmarks.png
631 silly gunzTarPerm extractEntry front-end/Images/timelineDots.png
632 silly gunzTarPerm extractEntry front-end/Images/timelineHollowPillBlue.png
633 silly gunzTarPerm extractEntry front-end/Images/timelineHollowPillGray.png
634 silly gunzTarPerm extractEntry front-end/Images/timelineHollowPillGreen.png
635 silly gunzTarPerm extractEntry front-end/Images/timelineHollowPillOrange.png
636 silly gunzTarPerm extractEntry front-end/Images/timelineHollowPillPurple.png
637 silly gunzTarPerm extractEntry front-end/Images/timelineHollowPillRed.png
638 silly gunzTarPerm extractEntry front-end/Images/timelineHollowPillYellow.png
639 silly gunzTarPerm extractEntry front-end/Images/timelineIcon.png
640 silly gunzTarPerm extractEntry front-end/Images/timelinePillBlue.png
641 silly gunzTarPerm extractEntry front-end/Images/timelinePillGray.png
642 silly gunzTarPerm extractEntry front-end/Images/timelinePillGreen.png
643 silly gunzTarPerm extractEntry front-end/Images/timelinePillOrange.png
644 silly gunzTarPerm extractEntry front-end/Images/timelinePillPurple.png
645 silly gunzTarPerm extractEntry front-end/Images/timelinePillRed.png
646 silly gunzTarPerm extractEntry front-end/Images/timelinePillYellow.png
647 silly gunzTarPerm extractEntry front-end/Images/toolbarIcons.png
648 silly gunzTarPerm extractEntry front-end/Images/toolbarIconsSmall.png
649 silly gunzTarPerm extractEntry front-end/Images/toolbarItemSelected.png
650 silly gunzTarPerm extractEntry front-end/Images/trackHoriz.png
651 silly gunzTarPerm extractEntry front-end/Images/trackVert.png
652 silly gunzTarPerm extractEntry front-end/Images/treeDownTriangleBlack.png
653 silly gunzTarPerm extractEntry front-end/Images/treeDownTriangleWhite.png
654 silly gunzTarPerm extractEntry front-end/Images/treeRightTriangleBlack.png
655 silly gunzTarPerm extractEntry front-end/Images/treeRightTriangleWhite.png
656 silly gunzTarPerm extractEntry front-end/Images/treeUpTriangleBlack.png
657 silly gunzTarPerm extractEntry front-end/Images/treeUpTriangleWhite.png
658 silly gunzTarPerm extractEntry front-end/Images/undockButtonGlyph.png
659 silly gunzTarPerm extractEntry front-end/Images/userInputIcon.png
660 silly gunzTarPerm extractEntry front-end/Images/userInputPreviousIcon.png
661 silly gunzTarPerm extractEntry front-end/Images/userInputResultIcon.png
662 silly gunzTarPerm extractEntry front-end/Images/warningIcon.png
663 silly gunzTarPerm extractEntry front-end/Images/warningMediumIcon.png
664 silly gunzTarPerm extractEntry front-end/Images/warningOrangeDot.png
665 silly gunzTarPerm extractEntry front-end/Images/warningsErrors.png
666 silly gunzTarPerm extractEntry front-end/index.html
667 silly gunzTarPerm extractEntry front-end/navigatorView.css
668 silly gunzTarPerm extractEntry front-end/devtools.css
669 silly gunzTarPerm extractEntry front-end/scriptsPanel.css
670 silly gunzTarPerm extractEntry front-end/splitView.css
671 silly gunzTarPerm extractEntry front-end/tabbedPane.css
672 silly gunzTarPerm extractEntry front-end/textPrompt.css
673 silly gunzTarPerm extractEntry front-end/textViewer.css
674 silly gunzTarPerm extractEntry lib/callback.js
675 silly gunzTarPerm extractEntry lib/client.js
676 silly gunzTarPerm extractEntry lib/debug-server.js
677 silly gunzTarPerm extractEntry lib/protocol.js
678 silly gunzTarPerm extractEntry lib/session2.js
679 silly gunzTarPerm extractEntry lib/v2w.js
680 silly gunzTarPerm extractEntry lib/front-end/browser.js
681 silly gunzTarPerm extractEntry lib/front-end/callframe.js
682 silly gunzTarPerm extractEntry lib/front-end/console.js
683 silly gunzTarPerm extractEntry lib/front-end/debugger.js
684 silly gunzTarPerm extractEntry lib/front-end/location.js
685 silly gunzTarPerm extractEntry lib/front-end/remote-object.js
686 silly gunzTarPerm extractEntry lib/front-end/runtime.js
687 silly gunzTarPerm extractEntry lib/front-end/scope.js
688 silly gunzTarPerm extractEntry readme.md
689 silly gunzTarPerm extractEntry test/hello.js
690 verbose read json /Users/trav/.npm/node-inspector/0.2.0beta3/package/package.json
691 silly lockFile 857b83da-ode-inspector-0-2-0beta3-package /Users/trav/.npm/node-inspector/0.2.0beta3/package
692 silly shasum updated bytes 40960
693 silly shasum updated bytes 40960
694 silly shasum updated bytes 40960
695 silly shasum updated bytes 40960
696 silly shasum updated bytes 40960
697 silly shasum updated bytes 40960
698 silly shasum updated bytes 40960
699 silly shasum updated bytes 40960
700 silly shasum updated bytes 40960
701 silly shasum updated bytes 40960
702 silly shasum updated bytes 40960
703 silly shasum updated bytes 40960
704 silly shasum updated bytes 40960
705 silly shasum updated bytes 40960
706 silly shasum updated bytes 40960
707 silly shasum updated bytes 40960
708 silly shasum updated bytes 26713
709 info shasum e8b8e49250a8bd211f8b040d26f317356fb6277d
709 info shasum /Users/trav/.npm/node-inspector/0.2.0beta3/package.tgz
710 verbose from cache /Users/trav/.npm/node-inspector/0.2.0beta3/package/package.json
711 verbose chmod /Users/trav/.npm/node-inspector/0.2.0beta3/package.tgz 666
712 verbose chown /Users/trav/.npm/node-inspector/0.2.0beta3/package.tgz [ 501, 20 ]
713 silly lockFile 7b628b3a-or-node-inspector-0-2-0beta3-tgz https://registry.npmjs.org/node-inspector/-/node-inspector-0.2.0beta3.tgz
714 silly lockFile 4109c2e9-node-inspector-0-2-0beta3 node-inspector@0.2.0beta3
715 silly lockFile e68b88da-node-inspector node-inspector@
716 silly resolved [ { name: 'node-inspector',
716 silly resolved     version: '0.2.0beta3',
716 silly resolved     description: 'Web Inspector based nodeJS debugger',
716 silly resolved     homepage: 'http://github.com/dannycoates/node-inspector',
716 silly resolved     author: { name: 'Danny Coates', email: 'dannycoates@gmail.com' },
716 silly resolved     keywords: [ 'debug', 'debugger', 'inspector', 'profiler' ],
716 silly resolved     repository:
716 silly resolved      { type: 'git',
716 silly resolved        url: 'http://github.com/dannycoates/node-inspector.git' },
716 silly resolved     engines: { node: '>=0.6.0' },
716 silly resolved     bin: { 'node-inspector': './bin/inspector.js' },
716 silly resolved     dependencies: { 'socket.io': '~0.9', connect: '~1.8.5', async: '~0.1' },
716 silly resolved     preferGlobal: true,
716 silly resolved     readme: 'Node Inspector is a debugger interface for nodeJS using the WebKit Web Inspector.\n\n## Getting Started\n\n### Requirements\n\n* [nodeJS](http://github.com/ry/node)\n  - versions: 0.3.0 or later\n* [npm](http://github.com/isaacs/npm)\n* A WebKit based browser: Chrome, Safari, etc.\n\n* Optional [v8-profiler](http://github.com/dannycoates/v8-profiler) to use the profiles panel\n\n### Install\n\n* With [npm](http://github.com/isaacs/npm)\n\n        $ npm install -g node-inspector\n\n### Enable debug mode\n\nTo use node-inspector, enable debugging on the node you wish to debug.\nYou can either start node with a debug flag like:\n\n    $ node --debug your/node/program.js\n\nor, to pause your script on the first line:\n\n    $ node --debug-brk your/short/node/script.js\n\nOr you can enable debugging on a node that is already running by sending\nit a signal:\n\n1. Get the PID of the node process using your favorite method. `pgrep` or `ps -ef` are good\n\n\t\t$ pgrep -l node\n\t\t2345 node your/node/server.js\n\n2. Send it the USR1 signal\n\n\t\t$ kill -s USR1 2345\n\nGreat! Now you are ready to attach node-inspector\n\n### Debugging\n\n1. start the inspector. I usually put it in the background\n\n\t\t$ node-inspector &\n\n2. open http://127.0.0.1:8080/debug?port=5858 in your favorite WebKit based browser\n\n3. you should now see the javascript source from node. If you don\'t, click the scripts tab.\n\n4. select a script and set some breakpoints (far left line numbers)\n\n5. then watch the [screencasts](http://www.youtube.com/view_play_list?p=A5216AC29A41EFA8)\n\nFor more information on getting started see the [wiki](http://github.com/dannycoates/node-inspector/wiki/Getting-Started---from-scratch)\n\nnode-inspector works almost exactly like the web inspector in Safari and\nChrome. Here\'s a good [overview](http://code.google.com/chrome/devtools/docs/scripts.html) of the UI\n\n## FAQ / WTF\n\n1. I don\'t see one of my script files in the file list.\n\n    > try refreshing the browser (F5 or command-r)\n\n2. My script runs too fast to attach the debugger.\n\n    > use `--debug-brk` to pause the script on the first line\n\n3. I got the ui in a weird state.\n\n    > when in doubt, refresh\n    \n4. Can I debug remotely?\n\n    > Yes. node-inspector must be running on the same machine, but your browser can be anywhere. Just make sure port 8080 is accessible\n\n## Inspector options\n\n    --web-port=[port]     port to host the inspector (default 8080)\n\n## Cool stuff\n\n* the WebKit Web Inspector debugger is a great js debugger interface, it works just as well for node\n* uses WebSockets, so no polling for breaks\n* remote debugging\n* javascript top to bottom :)\n* [edit running code](http://github.com/dannycoates/node-inspector/wiki/LiveEdit)\n\n## Known Issues\n\nThis is beta quality code, so use at your own risk:\n\n* be careful about viewing the contents of Buffer objects, each byte is displayed as an individual array element, for anything but tiny Buffers this will take too long to render\n* while not stopped at a breakpoint the console doesn\'t always behave as you might expect\n\n## Profiling\n\n**VERY EXPERIMENTAL**\nI don\'t recommend using this yet\n\nTo use the profiles panel, install the v8-profiler module:\n\n    npm install v8-profiler\n\nTo use it do something like:\n\n```javascript\nvar profiler = require(\'v8-profiler\');\n\nprofiler.startProfiling(\'startup\');\nslowStartupFoo();\nprofiler.stopProfiling(\'startup\');\n\nprofiler.takeSnapshot(\'beforeLeak\');\nleakyFoo();\nprofiler.takeSnapshot(\'afterLeak\');\n```\n\nThen view the profiling results with the profiles panel in node-inspector. You can\nalso take heap snapshots on demand from the profiles panel.\n\n## Thanks\n\nThis project respectfully uses code from and thanks the authors of:\n\n* [WebKit](http://webkit.org/building/checkout.html)\n* [node](http://github.com/ry/node)\n* [socket.io](http://github.com/LearnBoost/socket.io)\n* [node-paperboy](http://github.com/felixge/node-paperboy)\n\n\n',
716 silly resolved     _id: 'node-inspector@0.2.0beta3',
716 silly resolved     dist: { shasum: 'e8b8e49250a8bd211f8b040d26f317356fb6277d' },
716 silly resolved     _from: 'node-inspector' } ]
717 info install node-inspector@0.2.0beta3 into /usr/local/lib
718 info installOne node-inspector@0.2.0beta3
719 verbose from cache /Users/trav/.npm/node-inspector/0.2.0beta3/package/package.json
720 info /usr/local/lib/node_modules/node-inspector unbuild
721 verbose read json /usr/local/lib/node_modules/node-inspector/package.json
722 verbose tar unpack /Users/trav/.npm/node-inspector/0.2.0beta3/package.tgz
723 silly lockFile 885d0a05--lib-node-modules-node-inspector /usr/local/lib/node_modules/node-inspector
724 verbose lock /usr/local/lib/node_modules/node-inspector /Users/trav/.npm/885d0a05--lib-node-modules-node-inspector.lock
725 silly gunzTarPerm modes [ '777', '666' ]
726 error Error: EACCES, mkdir '/usr/local/lib/node_modules/node-inspector'
726 error  { [Error: EACCES, mkdir '/usr/local/lib/node_modules/node-inspector']
726 error   errno: 3,
726 error   code: 'EACCES',
726 error   path: '/usr/local/lib/node_modules/node-inspector',
726 error   fstream_type: 'Directory',
726 error   fstream_path: '/usr/local/lib/node_modules/node-inspector',
726 error   fstream_class: 'DirWriter',
726 error   fstream_stack:
726 error    [ 'DirWriter._create (/usr/local/lib/node_modules/npm/node_modules/fstream/lib/dir-writer.js:36:23)',
726 error      '/usr/local/lib/node_modules/npm/node_modules/mkdirp/index.js:37:53',
726 error      'Object.oncomplete (fs.js:297:15)' ] }
727 error Please try running this command again as root/Administrator.
728 error System Darwin 11.4.0
729 error command "node" "/usr/local/bin/npm" "install" "-g" "node-inspector"
730 error cwd /Users/trav/Sites/evenow
731 error node -v v0.8.8
732 error npm -v 1.1.59
733 error path /usr/local/lib/node_modules/node-inspector
734 error fstream_path /usr/local/lib/node_modules/node-inspector
735 error fstream_type Directory
736 error fstream_class DirWriter
737 error code EACCES
738 error errno 3
739 error stack Error: EACCES, mkdir '/usr/local/lib/node_modules/node-inspector'
740 error fstream_stack DirWriter._create (/usr/local/lib/node_modules/npm/node_modules/fstream/lib/dir-writer.js:36:23)
740 error fstream_stack /usr/local/lib/node_modules/npm/node_modules/mkdirp/index.js:37:53
740 error fstream_stack Object.oncomplete (fs.js:297:15)
741 verbose exit [ 3, true ]
